{"/Users/myke/Desktop/Learning/experimenting/ecommerce-vite/src/App.tsx": {"path":"/Users/myke/Desktop/Learning/experimenting/ecommerce-vite/src/App.tsx","statementMap":{"0":{"start":{"line":1,"column":0},"end":{"line":1,"column":33}},"1":{"start":{"line":2,"column":0},"end":{"line":2,"column":43}},"2":{"start":{"line":3,"column":0},"end":{"line":3,"column":33}},"3":{"start":{"line":4,"column":0},"end":{"line":4,"column":19}},"4":{"start":{"line":7,"column":27},"end":{"line":7,"column":38}},"5":{"start":{"line":9,"column":1},"end":{"line":47,"column":3}},"6":{"start":{"line":37,"column":20},"end":{"line":37,"column":48}},"7":{"start":{"line":37,"column":38},"end":{"line":37,"column":47}},"8":{"start":{"line":50,"column":0},"end":{"line":50,"column":19}}},"fnMap":{"0":{"name":"App","decl":{"start":{"line":6,"column":9},"end":{"line":6,"column":12}},"loc":{"start":{"line":6,"column":12},"end":{"line":48,"column":1}}},"1":{"name":"(anonymous_2)","decl":{"start":{"line":37,"column":14},"end":{"line":37,"column":17}},"loc":{"start":{"line":37,"column":20},"end":{"line":37,"column":48}}},"2":{"name":"(anonymous_3)","decl":{"start":{"line":37,"column":29},"end":{"line":37,"column":34}},"loc":{"start":{"line":37,"column":38},"end":{"line":37,"column":47}}}},"branchMap":{},"s":{"0":1,"1":1,"2":1,"3":1,"4":7,"5":7,"6":4,"7":4,"8":1},"f":{"0":7,"1":4,"2":4},"b":{}}
}
